INFO [2018-11-04 15:57:48] $x
INFO [2018-11-04 15:57:48] list(AM, CL, N2)
INFO [2018-11-04 15:57:48] 
INFO [2018-11-04 15:57:48] $filename
INFO [2018-11-04 15:57:48] [1] "results/2018-11-04-venn_anc1_upregulated.tiff"
INFO [2018-11-04 15:57:48] 
INFO [2018-11-04 15:57:48] $category
INFO [2018-11-04 15:57:48] c("AM140", "CL2006", "N2")
INFO [2018-11-04 15:57:48] 
INFO [2018-11-04 15:57:48] $resolution
INFO [2018-11-04 15:57:48] [1] 300
INFO [2018-11-04 15:57:48] 
INFO [2018-11-04 15:57:48] $imagetype
INFO [2018-11-04 15:57:48] [1] "tiff"
INFO [2018-11-04 15:57:48] 
INFO [2018-11-04 15:57:48] $main
INFO [2018-11-04 15:57:48] [1] "Upregulated (p < 0.1)"
INFO [2018-11-04 15:57:48] 
INFO [2018-11-04 15:57:48] $main.cex
INFO [2018-11-04 15:57:48] [1] 3
INFO [2018-11-04 15:57:48] 
INFO [2018-11-04 15:57:48] $main.fontfamily
INFO [2018-11-04 15:57:48] [1] "sans"
INFO [2018-11-04 15:57:48] 
INFO [2018-11-04 15:57:48] $fill
INFO [2018-11-04 15:57:48] viridis(3)
INFO [2018-11-04 15:57:48] 
INFO [2018-11-04 15:57:48] $cex
INFO [2018-11-04 15:57:48] [1] 2.5
INFO [2018-11-04 15:57:48] 
INFO [2018-11-04 15:57:48] $fontfamily
INFO [2018-11-04 15:57:48] [1] "sans"
INFO [2018-11-04 15:57:48] 
INFO [2018-11-04 15:57:48] $cat.cex
INFO [2018-11-04 15:57:48] [1] 2.5
INFO [2018-11-04 15:57:48] 
INFO [2018-11-04 15:57:48] $cat.fontfamily
INFO [2018-11-04 15:57:48] [1] "sans"
INFO [2018-11-04 15:57:48] 
