INFO [2018-11-05 17:01:51] $x
INFO [2018-11-05 17:01:51] list(AM, CL, N2)
INFO [2018-11-05 17:01:51] 
INFO [2018-11-05 17:01:51] $filename
INFO [2018-11-05 17:01:51] filename
INFO [2018-11-05 17:01:51] 
INFO [2018-11-05 17:01:51] $category
INFO [2018-11-05 17:01:51] c("AM140", "CL2006", "N2")
INFO [2018-11-05 17:01:51] 
INFO [2018-11-05 17:01:51] $resolution
INFO [2018-11-05 17:01:51] [1] 300
INFO [2018-11-05 17:01:51] 
INFO [2018-11-05 17:01:51] $imagetype
INFO [2018-11-05 17:01:51] [1] "tiff"
INFO [2018-11-05 17:01:51] 
INFO [2018-11-05 17:01:51] $main
INFO [2018-11-05 17:01:51] title
INFO [2018-11-05 17:01:51] 
INFO [2018-11-05 17:01:51] $main.cex
INFO [2018-11-05 17:01:51] [1] 3
INFO [2018-11-05 17:01:51] 
INFO [2018-11-05 17:01:51] $main.fontfamily
INFO [2018-11-05 17:01:51] [1] "sans"
INFO [2018-11-05 17:01:51] 
INFO [2018-11-05 17:01:51] $fill
INFO [2018-11-05 17:01:51] viridis(3)
INFO [2018-11-05 17:01:51] 
INFO [2018-11-05 17:01:51] $cex
INFO [2018-11-05 17:01:51] [1] 2.5
INFO [2018-11-05 17:01:51] 
INFO [2018-11-05 17:01:51] $fontfamily
INFO [2018-11-05 17:01:51] [1] "sans"
INFO [2018-11-05 17:01:51] 
INFO [2018-11-05 17:01:51] $cat.cex
INFO [2018-11-05 17:01:51] [1] 2.5
INFO [2018-11-05 17:01:51] 
INFO [2018-11-05 17:01:51] $cat.pos
INFO [2018-11-05 17:01:51] c(0, 0, 0)
INFO [2018-11-05 17:01:51] 
INFO [2018-11-05 17:01:51] $cat.dist
INFO [2018-11-05 17:01:51] -0.05
INFO [2018-11-05 17:01:51] 
INFO [2018-11-05 17:01:51] $cat.fontfamily
INFO [2018-11-05 17:01:51] [1] "sans"
INFO [2018-11-05 17:01:51] 
