INFO [2018-11-05 16:46:25] $x
INFO [2018-11-05 16:46:25] list(AM, CL, N2)
INFO [2018-11-05 16:46:25] 
INFO [2018-11-05 16:46:25] $filename
INFO [2018-11-05 16:46:25] filename
INFO [2018-11-05 16:46:25] 
INFO [2018-11-05 16:46:25] $category
INFO [2018-11-05 16:46:25] c("AM140", "CL2006", "N2")
INFO [2018-11-05 16:46:25] 
INFO [2018-11-05 16:46:25] $resolution
INFO [2018-11-05 16:46:25] [1] 300
INFO [2018-11-05 16:46:25] 
INFO [2018-11-05 16:46:25] $imagetype
INFO [2018-11-05 16:46:25] [1] "tiff"
INFO [2018-11-05 16:46:25] 
INFO [2018-11-05 16:46:25] $main
INFO [2018-11-05 16:46:25] title
INFO [2018-11-05 16:46:25] 
INFO [2018-11-05 16:46:25] $main.cex
INFO [2018-11-05 16:46:25] [1] 3
INFO [2018-11-05 16:46:25] 
INFO [2018-11-05 16:46:25] $main.fontfamily
INFO [2018-11-05 16:46:25] [1] "sans"
INFO [2018-11-05 16:46:25] 
INFO [2018-11-05 16:46:25] $fill
INFO [2018-11-05 16:46:25] viridis(3)
INFO [2018-11-05 16:46:25] 
INFO [2018-11-05 16:46:25] $cex
INFO [2018-11-05 16:46:25] [1] 2.5
INFO [2018-11-05 16:46:25] 
INFO [2018-11-05 16:46:25] $fontfamily
INFO [2018-11-05 16:46:25] [1] "sans"
INFO [2018-11-05 16:46:25] 
INFO [2018-11-05 16:46:25] $cat.cex
INFO [2018-11-05 16:46:25] [1] 2.5
INFO [2018-11-05 16:46:25] 
INFO [2018-11-05 16:46:25] $cat.pos
INFO [2018-11-05 16:46:25] c(0, 45, 0)
INFO [2018-11-05 16:46:25] 
INFO [2018-11-05 16:46:25] $cat.dist
INFO [2018-11-05 16:46:25] c(-0.02, 0.05, -0.04)
INFO [2018-11-05 16:46:25] 
INFO [2018-11-05 16:46:25] $cat.fontfamily
INFO [2018-11-05 16:46:25] [1] "sans"
INFO [2018-11-05 16:46:25] 
INFO [2018-11-05 16:46:25] [[16]]
INFO [2018-11-05 16:46:25] 
INFO [2018-11-05 16:46:25] 
