INFO [2018-11-04 16:15:58] $x
INFO [2018-11-04 16:15:58] list(AM, CL, N2)
INFO [2018-11-04 16:15:58] 
INFO [2018-11-04 16:15:58] $filename
INFO [2018-11-04 16:15:58] filename
INFO [2018-11-04 16:15:58] 
INFO [2018-11-04 16:15:58] $category
INFO [2018-11-04 16:15:58] c("AM140", "CL2006", "N2")
INFO [2018-11-04 16:15:58] 
INFO [2018-11-04 16:15:58] $resolution
INFO [2018-11-04 16:15:58] [1] 300
INFO [2018-11-04 16:15:58] 
INFO [2018-11-04 16:15:58] $imagetype
INFO [2018-11-04 16:15:58] [1] "tiff"
INFO [2018-11-04 16:15:58] 
INFO [2018-11-04 16:15:58] $main
INFO [2018-11-04 16:15:58] title
INFO [2018-11-04 16:15:58] 
INFO [2018-11-04 16:15:58] $main.cex
INFO [2018-11-04 16:15:58] [1] 3
INFO [2018-11-04 16:15:58] 
INFO [2018-11-04 16:15:58] $main.fontfamily
INFO [2018-11-04 16:15:58] [1] "sans"
INFO [2018-11-04 16:15:58] 
INFO [2018-11-04 16:15:58] $fill
INFO [2018-11-04 16:15:58] viridis(3)
INFO [2018-11-04 16:15:58] 
INFO [2018-11-04 16:15:58] $cex
INFO [2018-11-04 16:15:58] [1] 2.5
INFO [2018-11-04 16:15:58] 
INFO [2018-11-04 16:15:58] $fontfamily
INFO [2018-11-04 16:15:58] [1] "sans"
INFO [2018-11-04 16:15:58] 
INFO [2018-11-04 16:15:58] $cat.cex
INFO [2018-11-04 16:15:58] [1] 2.5
INFO [2018-11-04 16:15:58] 
INFO [2018-11-04 16:15:58] $cat.pos
INFO [2018-11-04 16:15:58] c(0, 0, 0)
INFO [2018-11-04 16:15:58] 
INFO [2018-11-04 16:15:58] $cat.dist
INFO [2018-11-04 16:15:58] -0.05
INFO [2018-11-04 16:15:58] 
INFO [2018-11-04 16:15:58] $cat.fontfamily
INFO [2018-11-04 16:15:58] [1] "sans"
INFO [2018-11-04 16:15:58] 
